<?xml version="1.0" encoding="utf-8"?>
<CoverageSession xmlns:xsd="http://www.w3.org/2001/XMLSchema" xmlns:xsi="http://www.w3.org/2001/XMLSchema-instance" Version="4.6.0.0">
  <Summary numSequencePoints="225" visitedSequencePoints="32" numBranchPoints="70" visitedBranchPoints="7" sequenceCoverage="14.22" branchCoverage="10" maxCyclomaticComplexity="10" minCyclomaticComplexity="1" maxCrapScore="110" minCrapScore="1" visitedClasses="3" numClasses="4" visitedMethods="5" numMethods="42" />
  <Modules>
    <Module hash="0D-08-9E-0E-49-BA-E4-F8-BC-3A-71-24-94-08-93-AF-27-3C-24-36">
      <Summary numSequencePoints="8" visitedSequencePoints="8" numBranchPoints="1" visitedBranchPoints="1" sequenceCoverage="100" branchCoverage="100" maxCyclomaticComplexity="1" minCyclomaticComplexity="1" maxCrapScore="2" minCrapScore="1" visitedClasses="1" numClasses="1" visitedMethods="1" numMethods="1" />
      <ModulePath>E:\unitest\unittest2018\TaxManagementTest\bin\Debug\TaxManagementTest.dll</ModulePath>
      <ModuleTime>2019-01-14T04:29:53.4642085Z</ModuleTime>
      <ModuleName>TaxManagementTest</ModuleName>
      <Files>
        <File uid="1" fullPath="E:\unitest\unittest2018\TaxManagementTest\BankServiceTest.cs" />
      </Files>
      <Classes>
        <Class>
          <Summary numSequencePoints="8" visitedSequencePoints="8" numBranchPoints="1" visitedBranchPoints="1" sequenceCoverage="100" branchCoverage="100" maxCyclomaticComplexity="1" minCyclomaticComplexity="1" maxCrapScore="2" minCrapScore="1" visitedClasses="1" numClasses="1" visitedMethods="1" numMethods="1" />
          <FullName>TaxManagementTest.BankServiceTest</FullName>
          <Methods>
            <Method visited="true" cyclomaticComplexity="1" nPathComplexity="0" sequenceCoverage="100" branchCoverage="100" crapScore="1" isConstructor="false" isStatic="false" isGetter="false" isSetter="false">
              <Summary numSequencePoints="8" visitedSequencePoints="8" numBranchPoints="1" visitedBranchPoints="1" sequenceCoverage="100" branchCoverage="100" maxCyclomaticComplexity="1" minCyclomaticComplexity="1" maxCrapScore="1" minCrapScore="1" visitedClasses="0" numClasses="0" visitedMethods="1" numMethods="1" />
              <MetadataToken>100663297</MetadataToken>
              <Name>System.Void TaxManagementTest.BankServiceTest::TestCalculateInterestRevenue()</Name>
              <FileRef uid="1" />
              <SequencePoints>
                <SequencePoint vc="1" uspid="1" ordinal="0" offset="0" sl="21" sc="9" el="21" ec="10" bec="0" bev="0" fileid="1">
                  <TrackedMethodRefs>
                    <TrackedMethodRef uid="1" vc="1" />
                  </TrackedMethodRefs>
                </SequencePoint>
                <SequencePoint vc="1" uspid="2" ordinal="1" offset="1" sl="23" sc="13" el="24" ec="50" bec="0" bev="0" fileid="1">
                  <TrackedMethodRefs>
                    <TrackedMethodRef uid="1" vc="1" />
                  </TrackedMethodRefs>
                </SequencePoint>
                <SequencePoint vc="1" uspid="3" ordinal="2" offset="40" sl="25" sc="13" el="25" ec="43" bec="0" bev="0" fileid="1">
                  <TrackedMethodRefs>
                    <TrackedMethodRef uid="1" vc="1" />
                  </TrackedMethodRefs>
                </SequencePoint>
                <SequencePoint vc="1" uspid="4" ordinal="3" offset="56" sl="28" sc="13" el="28" ec="50" bec="0" bev="0" fileid="1">
                  <TrackedMethodRefs>
                    <TrackedMethodRef uid="1" vc="1" />
                  </TrackedMethodRefs>
                </SequencePoint>
                <SequencePoint vc="1" uspid="5" ordinal="4" offset="66" sl="31" sc="13" el="31" ec="65" bec="0" bev="0" fileid="1">
                  <TrackedMethodRefs>
                    <TrackedMethodRef uid="1" vc="1" />
                  </TrackedMethodRefs>
                </SequencePoint>
                <SequencePoint vc="1" uspid="6" ordinal="5" offset="72" sl="32" sc="13" el="32" ec="83" bec="0" bev="0" fileid="1">
                  <TrackedMethodRefs>
                    <TrackedMethodRef uid="1" vc="1" />
                  </TrackedMethodRefs>
                </SequencePoint>
                <SequencePoint vc="1" uspid="7" ordinal="6" offset="80" sl="35" sc="13" el="36" ec="59" bec="0" bev="0" fileid="1">
                  <TrackedMethodRefs>
                    <TrackedMethodRef uid="1" vc="1" />
                  </TrackedMethodRefs>
                </SequencePoint>
                <SequencePoint vc="1" uspid="8" ordinal="7" offset="108" sl="37" sc="9" el="37" ec="10" bec="0" bev="0" fileid="1">
                  <TrackedMethodRefs>
                    <TrackedMethodRef uid="1" vc="1" />
                  </TrackedMethodRefs>
                </SequencePoint>
              </SequencePoints>
              <BranchPoints />
              <MethodPoint xsi:type="SequencePoint" vc="1" uspid="1" ordinal="0" offset="0" sl="21" sc="9" el="21" ec="10" bec="0" bev="0" fileid="1">
                <TrackedMethodRefs>
                  <TrackedMethodRef uid="1" vc="1" />
                </TrackedMethodRefs>
              </MethodPoint>
            </Method>
            <Method visited="false" cyclomaticComplexity="1" nPathComplexity="0" sequenceCoverage="0" branchCoverage="0" crapScore="2" isConstructor="true" isStatic="false" isGetter="false" isSetter="false">
              <Summary numSequencePoints="0" visitedSequencePoints="0" numBranchPoints="0" visitedBranchPoints="0" sequenceCoverage="0" branchCoverage="0" maxCyclomaticComplexity="1" minCyclomaticComplexity="1" maxCrapScore="2" minCrapScore="2" visitedClasses="0" numClasses="0" visitedMethods="0" numMethods="0" />
              <MetadataToken>100663298</MetadataToken>
              <Name>System.Void TaxManagementTest.BankServiceTest::.ctor()</Name>
              <SequencePoints />
              <BranchPoints />
              <MethodPoint vc="0" uspid="9" ordinal="0" offset="0" />
            </Method>
          </Methods>
        </Class>
      </Classes>
      <TrackedMethods>
        <TrackedMethod uid="1" token="100663297" name="System.Void TaxManagementTest.BankServiceTest::TestCalculateInterestRevenue()" strategy="NUnitTest" />
      </TrackedMethods>
    </Module>
    <Module hash="8F-0B-AA-60-90-D7-EA-F7-91-1B-38-2F-CA-81-E4-10-43-FE-1E-88">
      <Summary numSequencePoints="217" visitedSequencePoints="24" numBranchPoints="69" visitedBranchPoints="6" sequenceCoverage="11.06" branchCoverage="8.70" maxCyclomaticComplexity="10" minCyclomaticComplexity="1" maxCrapScore="110" minCrapScore="1" visitedClasses="2" numClasses="3" visitedMethods="4" numMethods="41" />
      <ModulePath>E:\unitest\unittest2018\TaxManagementTest\bin\Debug\TaxManagement.dll</ModulePath>
      <ModuleTime>2019-01-14T04:29:53.3121027Z</ModuleTime>
      <ModuleName>TaxManagement</ModuleName>
      <Files>
        <File uid="3" fullPath="E:\unitest\unittest2018\TaxManagement\Service\BankServiceImpl.cs" />
        <File uid="4" fullPath="E:\unitest\unittest2018\TaxManagement\Service\TaxServiceImpl.cs" />
        <File uid="5" fullPath="E:\unitest\unittest2018\TaxManagement\Dto\Person.cs" />
      </Files>
      <Classes>
        <Class>
          <Summary numSequencePoints="39" visitedSequencePoints="10" numBranchPoints="16" visitedBranchPoints="3" sequenceCoverage="25.64" branchCoverage="18.75" maxCyclomaticComplexity="10" minCyclomaticComplexity="1" maxCrapScore="110" minCrapScore="2" visitedClasses="1" numClasses="1" visitedMethods="1" numMethods="2" />
          <FullName>TaxManagement.Service.BankServiceImpl</FullName>
          <Methods>
            <Method visited="true" cyclomaticComplexity="3" nPathComplexity="4" sequenceCoverage="66.67" branchCoverage="60" crapScore="3.33" isConstructor="false" isStatic="false" isGetter="false" isSetter="false">
              <Summary numSequencePoints="15" visitedSequencePoints="10" numBranchPoints="5" visitedBranchPoints="3" sequenceCoverage="66.67" branchCoverage="60" maxCyclomaticComplexity="3" minCyclomaticComplexity="3" maxCrapScore="3.33" minCrapScore="3.33" visitedClasses="0" numClasses="0" visitedMethods="1" numMethods="1" />
              <MetadataToken>100663303</MetadataToken>
              <Name>System.Double TaxManagement.Service.BankServiceImpl::CalculateInterestRevenue(TaxManagement.Dto.Person)</Name>
              <FileRef uid="3" />
              <SequencePoints>
                <SequencePoint vc="1" uspid="10" ordinal="0" offset="0" sl="36" sc="9" el="36" ec="10" bec="0" bev="0" fileid="3">
                  <TrackedMethodRefs>
                    <TrackedMethodRef uid="1" vc="1" />
                  </TrackedMethodRefs>
                </SequencePoint>
                <SequencePoint vc="1" uspid="11" ordinal="1" offset="1" sl="37" sc="13" el="37" ec="62" bec="0" bev="0" fileid="3">
                  <TrackedMethodRefs>
                    <TrackedMethodRef uid="1" vc="1" />
                  </TrackedMethodRefs>
                </SequencePoint>
                <SequencePoint vc="1" uspid="12" ordinal="2" offset="8" sl="38" sc="13" el="38" ec="36" bec="2" bev="1" fileid="3">
                  <TrackedMethodRefs>
                    <TrackedMethodRef uid="1" vc="1" />
                  </TrackedMethodRefs>
                </SequencePoint>
                <SequencePoint vc="0" uspid="13" ordinal="3" offset="24" sl="39" sc="13" el="39" ec="14" bec="0" bev="0" fileid="3" />
                <SequencePoint vc="0" uspid="14" ordinal="4" offset="25" sl="40" sc="17" el="40" ec="189" bec="0" bev="0" fileid="3" />
                <SequencePoint vc="1" uspid="15" ordinal="5" offset="46" sl="42" sc="13" el="42" ec="31" bec="0" bev="0" fileid="3">
                  <TrackedMethodRefs>
                    <TrackedMethodRef uid="1" vc="1" />
                  </TrackedMethodRefs>
                </SequencePoint>
                <SequencePoint vc="1" uspid="16" ordinal="6" offset="56" sl="43" sc="13" el="43" ec="42" bec="2" bev="1" fileid="3">
                  <TrackedMethodRefs>
                    <TrackedMethodRef uid="1" vc="1" />
                  </TrackedMethodRefs>
                </SequencePoint>
                <SequencePoint vc="1" uspid="17" ordinal="7" offset="75" sl="44" sc="13" el="44" ec="14" bec="0" bev="0" fileid="3">
                  <TrackedMethodRefs>
                    <TrackedMethodRef uid="1" vc="1" />
                  </TrackedMethodRefs>
                </SequencePoint>
                <SequencePoint vc="1" uspid="18" ordinal="8" offset="76" sl="45" sc="17" el="45" ec="66" bec="0" bev="0" fileid="3">
                  <TrackedMethodRefs>
                    <TrackedMethodRef uid="1" vc="1" />
                  </TrackedMethodRefs>
                </SequencePoint>
                <SequencePoint vc="1" uspid="19" ordinal="9" offset="88" sl="46" sc="13" el="46" ec="14" bec="0" bev="0" fileid="3">
                  <TrackedMethodRefs>
                    <TrackedMethodRef uid="1" vc="1" />
                  </TrackedMethodRefs>
                </SequencePoint>
                <SequencePoint vc="0" uspid="20" ordinal="10" offset="91" sl="47" sc="13" el="47" ec="14" bec="0" bev="0" fileid="3" />
                <SequencePoint vc="0" uspid="21" ordinal="11" offset="92" sl="48" sc="17" el="48" ec="73" bec="0" bev="0" fileid="3" />
                <SequencePoint vc="0" uspid="22" ordinal="12" offset="100" sl="49" sc="13" el="49" ec="14" bec="0" bev="0" fileid="3" />
                <SequencePoint vc="1" uspid="23" ordinal="13" offset="101" sl="50" sc="13" el="50" ec="27" bec="0" bev="0" fileid="3">
                  <TrackedMethodRefs>
                    <TrackedMethodRef uid="1" vc="1" />
                  </TrackedMethodRefs>
                </SequencePoint>
                <SequencePoint vc="1" uspid="24" ordinal="14" offset="106" sl="51" sc="9" el="51" ec="10" bec="0" bev="0" fileid="3">
                  <TrackedMethodRefs>
                    <TrackedMethodRef uid="1" vc="1" />
                  </TrackedMethodRefs>
                </SequencePoint>
              </SequencePoints>
              <BranchPoints>
                <BranchPoint vc="0" uspid="25" ordinal="0" offset="22" sl="38" path="0" offsetend="24" fileid="3" />
                <BranchPoint vc="1" uspid="26" ordinal="1" offset="22" sl="38" path="1" offsetend="46" fileid="3">
                  <TrackedMethodRefs>
                    <TrackedMethodRef uid="1" vc="1" />
                  </TrackedMethodRefs>
                </BranchPoint>
                <BranchPoint vc="1" uspid="27" ordinal="2" offset="73" sl="43" path="0" offsetend="75" fileid="3">
                  <TrackedMethodRefs>
                    <TrackedMethodRef uid="1" vc="1" />
                  </TrackedMethodRefs>
                </BranchPoint>
                <BranchPoint vc="0" uspid="28" ordinal="3" offset="73" sl="43" path="1" offsetend="91" fileid="3" />
              </BranchPoints>
              <MethodPoint xsi:type="SequencePoint" vc="1" uspid="10" ordinal="0" offset="0" sl="36" sc="9" el="36" ec="10" bec="0" bev="0" fileid="3">
                <TrackedMethodRefs>
                  <TrackedMethodRef uid="1" vc="1" />
                </TrackedMethodRefs>
              </MethodPoint>
            </Method>
            <Method visited="false" cyclomaticComplexity="10" nPathComplexity="32" sequenceCoverage="0" branchCoverage="0" crapScore="110" isConstructor="false" isStatic="false" isGetter="false" isSetter="false">
              <Summary numSequencePoints="24" visitedSequencePoints="0" numBranchPoints="11" visitedBranchPoints="0" sequenceCoverage="0" branchCoverage="0" maxCyclomaticComplexity="10" minCyclomaticComplexity="10" maxCrapScore="110" minCrapScore="110" visitedClasses="0" numClasses="0" visitedMethods="0" numMethods="1" />
              <MetadataToken>100663304</MetadataToken>
              <Name>System.Double TaxManagement.Service.BankServiceImpl::CalculateInterestRevenueByLevel(System.Double)</Name>
              <FileRef uid="3" />
              <SequencePoints>
                <SequencePoint vc="0" uspid="29" ordinal="0" offset="0" sl="62" sc="9" el="62" ec="10" bec="0" bev="0" fileid="3" />
                <SequencePoint vc="0" uspid="30" ordinal="1" offset="1" sl="64" sc="13" el="64" ec="53" bec="0" bev="0" fileid="3" />
                <SequencePoint vc="0" uspid="31" ordinal="2" offset="11" sl="66" sc="13" el="66" ec="69" bec="2" bev="0" fileid="3" />
                <SequencePoint vc="0" uspid="32" ordinal="3" offset="45" sl="67" sc="13" el="67" ec="14" bec="0" bev="0" fileid="3" />
                <SequencePoint vc="0" uspid="33" ordinal="4" offset="46" sl="68" sc="17" el="68" ec="50" bec="0" bev="0" fileid="3" />
                <SequencePoint vc="0" uspid="34" ordinal="5" offset="56" sl="70" sc="13" el="70" ec="14" bec="0" bev="0" fileid="3" />
                <SequencePoint vc="0" uspid="35" ordinal="6" offset="62" sl="71" sc="18" el="71" ec="74" bec="2" bev="0" fileid="3" />
                <SequencePoint vc="0" uspid="36" ordinal="7" offset="96" sl="72" sc="13" el="72" ec="14" bec="0" bev="0" fileid="3" />
                <SequencePoint vc="0" uspid="37" ordinal="8" offset="97" sl="73" sc="17" el="73" ec="50" bec="0" bev="0" fileid="3" />
                <SequencePoint vc="0" uspid="38" ordinal="9" offset="107" sl="75" sc="13" el="75" ec="14" bec="0" bev="0" fileid="3" />
                <SequencePoint vc="0" uspid="39" ordinal="10" offset="113" sl="76" sc="18" el="76" ec="74" bec="2" bev="0" fileid="3" />
                <SequencePoint vc="0" uspid="40" ordinal="11" offset="147" sl="77" sc="13" el="77" ec="14" bec="0" bev="0" fileid="3" />
                <SequencePoint vc="0" uspid="41" ordinal="12" offset="148" sl="78" sc="17" el="78" ec="50" bec="0" bev="0" fileid="3" />
                <SequencePoint vc="0" uspid="42" ordinal="13" offset="158" sl="80" sc="13" el="80" ec="14" bec="0" bev="0" fileid="3" />
                <SequencePoint vc="0" uspid="43" ordinal="14" offset="161" sl="81" sc="18" el="81" ec="74" bec="2" bev="0" fileid="3" />
                <SequencePoint vc="0" uspid="44" ordinal="15" offset="197" sl="82" sc="13" el="82" ec="14" bec="0" bev="0" fileid="3" />
                <SequencePoint vc="0" uspid="45" ordinal="16" offset="198" sl="83" sc="17" el="83" ec="50" bec="0" bev="0" fileid="3" />
                <SequencePoint vc="0" uspid="46" ordinal="17" offset="208" sl="85" sc="13" el="85" ec="14" bec="0" bev="0" fileid="3" />
                <SequencePoint vc="0" uspid="47" ordinal="18" offset="211" sl="86" sc="18" el="86" ec="46" bec="2" bev="0" fileid="3" />
                <SequencePoint vc="0" uspid="48" ordinal="19" offset="229" sl="87" sc="13" el="87" ec="14" bec="0" bev="0" fileid="3" />
                <SequencePoint vc="0" uspid="49" ordinal="20" offset="230" sl="88" sc="17" el="88" ec="50" bec="0" bev="0" fileid="3" />
                <SequencePoint vc="0" uspid="50" ordinal="21" offset="240" sl="90" sc="13" el="90" ec="14" bec="0" bev="0" fileid="3" />
                <SequencePoint vc="0" uspid="51" ordinal="22" offset="241" sl="92" sc="13" el="92" ec="50" bec="0" bev="0" fileid="3" />
                <SequencePoint vc="0" uspid="52" ordinal="23" offset="248" sl="93" sc="9" el="93" ec="10" bec="0" bev="0" fileid="3" />
              </SequencePoints>
              <BranchPoints>
                <BranchPoint vc="0" uspid="55" ordinal="2" offset="43" sl="66" path="0" offsetend="45" fileid="3" />
                <BranchPoint vc="0" uspid="56" ordinal="3" offset="43" sl="66" path="1" offsetend="62" fileid="3" />
                <BranchPoint vc="0" uspid="59" ordinal="6" offset="94" sl="71" path="0" offsetend="96" fileid="3" />
                <BranchPoint vc="0" uspid="60" ordinal="7" offset="94" sl="71" path="1" offsetend="113" fileid="3" />
                <BranchPoint vc="0" uspid="63" ordinal="10" offset="145" sl="76" path="0" offsetend="147" fileid="3" />
                <BranchPoint vc="0" uspid="64" ordinal="11" offset="145" sl="76" path="1" offsetend="161" fileid="3" />
                <BranchPoint vc="0" uspid="67" ordinal="14" offset="195" sl="81" path="0" offsetend="197" fileid="3" />
                <BranchPoint vc="0" uspid="68" ordinal="15" offset="195" sl="81" path="1" offsetend="211" fileid="3" />
                <BranchPoint vc="0" uspid="69" ordinal="16" offset="227" sl="86" path="0" offsetend="229" fileid="3" />
                <BranchPoint vc="0" uspid="70" ordinal="17" offset="227" sl="86" path="1" offsetend="241" fileid="3" />
              </BranchPoints>
              <MethodPoint xsi:type="SequencePoint" vc="0" uspid="29" ordinal="0" offset="0" sl="62" sc="9" el="62" ec="10" bec="0" bev="0" fileid="3" />
            </Method>
            <Method visited="false" cyclomaticComplexity="1" nPathComplexity="0" sequenceCoverage="0" branchCoverage="0" crapScore="2" isConstructor="true" isStatic="false" isGetter="false" isSetter="false">
              <Summary numSequencePoints="0" visitedSequencePoints="0" numBranchPoints="0" visitedBranchPoints="0" sequenceCoverage="0" branchCoverage="0" maxCyclomaticComplexity="1" minCyclomaticComplexity="1" maxCrapScore="2" minCrapScore="2" visitedClasses="0" numClasses="0" visitedMethods="0" numMethods="0" />
              <MetadataToken>100663305</MetadataToken>
              <Name>System.Void TaxManagement.Service.BankServiceImpl::.ctor()</Name>
              <SequencePoints />
              <BranchPoints />
              <MethodPoint vc="0" uspid="71" ordinal="0" offset="0" />
            </Method>
          </Methods>
        </Class>
        <Class>
          <Summary numSequencePoints="85" visitedSequencePoints="0" numBranchPoints="26" visitedBranchPoints="0" sequenceCoverage="0" branchCoverage="0" maxCyclomaticComplexity="4" minCyclomaticComplexity="1" maxCrapScore="20" minCrapScore="2" visitedClasses="0" numClasses="1" visitedMethods="0" numMethods="12" />
          <FullName>TaxManagement.Service.TaxServiceImpl</FullName>
          <Methods>
            <Method visited="false" cyclomaticComplexity="1" nPathComplexity="0" sequenceCoverage="0" branchCoverage="0" crapScore="2" isConstructor="false" isStatic="false" isGetter="true" isSetter="false">
              <Summary numSequencePoints="3" visitedSequencePoints="0" numBranchPoints="1" visitedBranchPoints="0" sequenceCoverage="0" branchCoverage="0" maxCyclomaticComplexity="1" minCyclomaticComplexity="1" maxCrapScore="2" minCrapScore="2" visitedClasses="0" numClasses="0" visitedMethods="0" numMethods="1" />
              <MetadataToken>100663326</MetadataToken>
              <Name>TaxManagement.Interface.IPersonalTaxService TaxManagement.Service.TaxServiceImpl::get_PersonalTaxService()</Name>
              <FileRef uid="4" />
              <SequencePoints>
                <SequencePoint vc="0" uspid="72" ordinal="0" offset="0" sl="134" sc="13" el="134" ec="14" bec="0" bev="0" fileid="4" />
                <SequencePoint vc="0" uspid="73" ordinal="1" offset="1" sl="135" sc="17" el="135" ec="45" bec="0" bev="0" fileid="4" />
                <SequencePoint vc="0" uspid="74" ordinal="2" offset="10" sl="136" sc="13" el="136" ec="14" bec="0" bev="0" fileid="4" />
              </SequencePoints>
              <BranchPoints />
              <MethodPoint xsi:type="SequencePoint" vc="0" uspid="72" ordinal="0" offset="0" sl="134" sc="13" el="134" ec="14" bec="0" bev="0" fileid="4" />
            </Method>
            <Method visited="false" cyclomaticComplexity="1" nPathComplexity="0" sequenceCoverage="0" branchCoverage="0" crapScore="2" isConstructor="false" isStatic="false" isGetter="false" isSetter="true">
              <Summary numSequencePoints="3" visitedSequencePoints="0" numBranchPoints="1" visitedBranchPoints="0" sequenceCoverage="0" branchCoverage="0" maxCyclomaticComplexity="1" minCyclomaticComplexity="1" maxCrapScore="2" minCrapScore="2" visitedClasses="0" numClasses="0" visitedMethods="0" numMethods="1" />
              <MetadataToken>100663327</MetadataToken>
              <Name>System.Void TaxManagement.Service.TaxServiceImpl::set_PersonalTaxService(TaxManagement.Interface.IPersonalTaxService)</Name>
              <FileRef uid="4" />
              <SequencePoints>
                <SequencePoint vc="0" uspid="75" ordinal="0" offset="0" sl="139" sc="13" el="139" ec="14" bec="0" bev="0" fileid="4" />
                <SequencePoint vc="0" uspid="76" ordinal="1" offset="1" sl="140" sc="17" el="140" ec="46" bec="0" bev="0" fileid="4" />
                <SequencePoint vc="0" uspid="77" ordinal="2" offset="8" sl="141" sc="13" el="141" ec="14" bec="0" bev="0" fileid="4" />
              </SequencePoints>
              <BranchPoints />
              <MethodPoint xsi:type="SequencePoint" vc="0" uspid="75" ordinal="0" offset="0" sl="139" sc="13" el="139" ec="14" bec="0" bev="0" fileid="4" />
            </Method>
            <Method visited="false" cyclomaticComplexity="1" nPathComplexity="0" sequenceCoverage="0" branchCoverage="0" crapScore="2" isConstructor="false" isStatic="false" isGetter="true" isSetter="false">
              <Summary numSequencePoints="3" visitedSequencePoints="0" numBranchPoints="1" visitedBranchPoints="0" sequenceCoverage="0" branchCoverage="0" maxCyclomaticComplexity="1" minCyclomaticComplexity="1" maxCrapScore="2" minCrapScore="2" visitedClasses="0" numClasses="0" visitedMethods="0" numMethods="1" />
              <MetadataToken>100663328</MetadataToken>
              <Name>TaxManagement.Service.IBankService TaxManagement.Service.TaxServiceImpl::get_BankService()</Name>
              <FileRef uid="4" />
              <SequencePoints>
                <SequencePoint vc="0" uspid="78" ordinal="0" offset="0" sl="147" sc="13" el="147" ec="14" bec="0" bev="0" fileid="4" />
                <SequencePoint vc="0" uspid="79" ordinal="1" offset="1" sl="148" sc="17" el="148" ec="38" bec="0" bev="0" fileid="4" />
                <SequencePoint vc="0" uspid="80" ordinal="2" offset="10" sl="149" sc="13" el="149" ec="14" bec="0" bev="0" fileid="4" />
              </SequencePoints>
              <BranchPoints />
              <MethodPoint xsi:type="SequencePoint" vc="0" uspid="78" ordinal="0" offset="0" sl="147" sc="13" el="147" ec="14" bec="0" bev="0" fileid="4" />
            </Method>
            <Method visited="false" cyclomaticComplexity="1" nPathComplexity="0" sequenceCoverage="0" branchCoverage="0" crapScore="2" isConstructor="false" isStatic="false" isGetter="false" isSetter="true">
              <Summary numSequencePoints="3" visitedSequencePoints="0" numBranchPoints="1" visitedBranchPoints="0" sequenceCoverage="0" branchCoverage="0" maxCyclomaticComplexity="1" minCyclomaticComplexity="1" maxCrapScore="2" minCrapScore="2" visitedClasses="0" numClasses="0" visitedMethods="0" numMethods="1" />
              <MetadataToken>100663329</MetadataToken>
              <Name>System.Void TaxManagement.Service.TaxServiceImpl::set_BankService(TaxManagement.Service.IBankService)</Name>
              <FileRef uid="4" />
              <SequencePoints>
                <SequencePoint vc="0" uspid="81" ordinal="0" offset="0" sl="152" sc="13" el="152" ec="14" bec="0" bev="0" fileid="4" />
                <SequencePoint vc="0" uspid="82" ordinal="1" offset="1" sl="153" sc="17" el="153" ec="39" bec="0" bev="0" fileid="4" />
                <SequencePoint vc="0" uspid="83" ordinal="2" offset="8" sl="154" sc="13" el="154" ec="14" bec="0" bev="0" fileid="4" />
              </SequencePoints>
              <BranchPoints />
              <MethodPoint xsi:type="SequencePoint" vc="0" uspid="81" ordinal="0" offset="0" sl="152" sc="13" el="152" ec="14" bec="0" bev="0" fileid="4" />
            </Method>
            <Method visited="false" cyclomaticComplexity="1" nPathComplexity="0" sequenceCoverage="0" branchCoverage="0" crapScore="2" isConstructor="true" isStatic="false" isGetter="false" isSetter="false">
              <Summary numSequencePoints="7" visitedSequencePoints="0" numBranchPoints="1" visitedBranchPoints="0" sequenceCoverage="0" branchCoverage="0" maxCyclomaticComplexity="1" minCyclomaticComplexity="1" maxCrapScore="2" minCrapScore="2" visitedClasses="0" numClasses="0" visitedMethods="0" numMethods="1" />
              <MetadataToken>100663318</MetadataToken>
              <Name>System.Void TaxManagement.Service.TaxServiceImpl::.ctor()</Name>
              <FileRef uid="4" />
              <SequencePoints>
                <SequencePoint vc="0" uspid="84" ordinal="0" offset="0" sl="15" sc="9" el="15" ec="65" bec="0" bev="0" fileid="4" />
                <SequencePoint vc="0" uspid="85" ordinal="1" offset="7" sl="16" sc="9" el="16" ec="51" bec="0" bev="0" fileid="4" />
                <SequencePoint vc="0" uspid="86" ordinal="2" offset="14" sl="17" sc="9" el="17" ec="45" bec="0" bev="0" fileid="4" />
                <SequencePoint vc="0" uspid="87" ordinal="3" offset="21" sl="22" sc="9" el="22" ec="32" bec="0" bev="0" fileid="4" />
                <SequencePoint vc="0" uspid="88" ordinal="4" offset="28" sl="23" sc="9" el="23" ec="10" bec="0" bev="0" fileid="4" />
                <SequencePoint vc="0" uspid="89" ordinal="5" offset="29" sl="24" sc="13" el="24" ec="43" bec="0" bev="0" fileid="4" />
                <SequencePoint vc="0" uspid="90" ordinal="6" offset="41" sl="25" sc="9" el="25" ec="10" bec="0" bev="0" fileid="4" />
              </SequencePoints>
              <BranchPoints />
              <MethodPoint xsi:type="SequencePoint" vc="0" uspid="84" ordinal="0" offset="0" sl="15" sc="9" el="15" ec="65" bec="0" bev="0" fileid="4" />
            </Method>
            <Method visited="false" cyclomaticComplexity="2" nPathComplexity="2" sequenceCoverage="0" branchCoverage="0" crapScore="6" isConstructor="false" isStatic="false" isGetter="false" isSetter="false">
              <Summary numSequencePoints="9" visitedSequencePoints="0" numBranchPoints="3" visitedBranchPoints="0" sequenceCoverage="0" branchCoverage="0" maxCyclomaticComplexity="2" minCyclomaticComplexity="2" maxCrapScore="6" minCrapScore="6" visitedClasses="0" numClasses="0" visitedMethods="0" numMethods="1" />
              <MetadataToken>100663319</MetadataToken>
              <Name>TaxManagement.Dto.Person TaxManagement.Service.TaxServiceImpl::UpdateAnnualTax(TaxManagement.Dto.Person)</Name>
              <FileRef uid="4" />
              <SequencePoints>
                <SequencePoint vc="0" uspid="91" ordinal="0" offset="0" sl="29" sc="9" el="29" ec="10" bec="0" bev="0" fileid="4" />
                <SequencePoint vc="0" uspid="92" ordinal="1" offset="1" sl="30" sc="13" el="30" ec="32" bec="2" bev="0" fileid="4" />
                <SequencePoint vc="0" uspid="93" ordinal="2" offset="9" sl="31" sc="13" el="31" ec="14" bec="0" bev="0" fileid="4" />
                <SequencePoint vc="0" uspid="94" ordinal="3" offset="10" sl="32" sc="17" el="32" ec="84" bec="0" bev="0" fileid="4" />
                <SequencePoint vc="0" uspid="95" ordinal="4" offset="23" sl="33" sc="17" el="33" ec="48" bec="0" bev="0" fileid="4" />
                <SequencePoint vc="0" uspid="96" ordinal="5" offset="31" sl="34" sc="17" el="34" ec="61" bec="0" bev="0" fileid="4" />
                <SequencePoint vc="0" uspid="97" ordinal="6" offset="44" sl="35" sc="13" el="35" ec="14" bec="0" bev="0" fileid="4" />
                <SequencePoint vc="0" uspid="98" ordinal="7" offset="45" sl="37" sc="13" el="37" ec="27" bec="0" bev="0" fileid="4" />
                <SequencePoint vc="0" uspid="99" ordinal="8" offset="49" sl="38" sc="9" el="38" ec="10" bec="0" bev="0" fileid="4" />
              </SequencePoints>
              <BranchPoints>
                <BranchPoint vc="0" uspid="100" ordinal="0" offset="7" sl="30" path="0" offsetend="9" fileid="4" />
                <BranchPoint vc="0" uspid="101" ordinal="1" offset="7" sl="30" path="1" offsetend="45" fileid="4" />
              </BranchPoints>
              <MethodPoint xsi:type="SequencePoint" vc="0" uspid="91" ordinal="0" offset="0" sl="29" sc="9" el="29" ec="10" bec="0" bev="0" fileid="4" />
            </Method>
            <Method visited="false" cyclomaticComplexity="1" nPathComplexity="0" sequenceCoverage="0" branchCoverage="0" crapScore="2" isConstructor="false" isStatic="false" isGetter="false" isSetter="false">
              <Summary numSequencePoints="4" visitedSequencePoints="0" numBranchPoints="1" visitedBranchPoints="0" sequenceCoverage="0" branchCoverage="0" maxCyclomaticComplexity="1" minCyclomaticComplexity="1" maxCrapScore="2" minCrapScore="2" visitedClasses="0" numClasses="0" visitedMethods="0" numMethods="1" />
              <MetadataToken>100663320</MetadataToken>
              <Name>TaxManagement.Dto.Person TaxManagement.Service.TaxServiceImpl::UpdateAnnualTaxDefaultUser()</Name>
              <FileRef uid="4" />
              <SequencePoints>
                <SequencePoint vc="0" uspid="102" ordinal="0" offset="0" sl="43" sc="9" el="43" ec="10" bec="0" bev="0" fileid="4" />
                <SequencePoint vc="0" uspid="103" ordinal="1" offset="1" sl="44" sc="13" el="44" ec="60" bec="0" bev="0" fileid="4" />
                <SequencePoint vc="0" uspid="104" ordinal="2" offset="14" sl="45" sc="13" el="45" ec="27" bec="0" bev="0" fileid="4" />
                <SequencePoint vc="0" uspid="105" ordinal="3" offset="18" sl="46" sc="9" el="46" ec="10" bec="0" bev="0" fileid="4" />
              </SequencePoints>
              <BranchPoints />
              <MethodPoint xsi:type="SequencePoint" vc="0" uspid="102" ordinal="0" offset="0" sl="43" sc="9" el="43" ec="10" bec="0" bev="0" fileid="4" />
            </Method>
            <Method visited="false" cyclomaticComplexity="4" nPathComplexity="8" sequenceCoverage="0" branchCoverage="0" crapScore="20" isConstructor="false" isStatic="false" isGetter="false" isSetter="false">
              <Summary numSequencePoints="18" visitedSequencePoints="0" numBranchPoints="7" visitedBranchPoints="0" sequenceCoverage="0" branchCoverage="0" maxCyclomaticComplexity="4" minCyclomaticComplexity="4" maxCrapScore="20" minCrapScore="20" visitedClasses="0" numClasses="0" visitedMethods="0" numMethods="1" />
              <MetadataToken>100663321</MetadataToken>
              <Name>TaxManagement.Dto.Person TaxManagement.Service.TaxServiceImpl::UpdateInheritTax(TaxManagement.Dto.Person)</Name>
              <FileRef uid="4" />
              <SequencePoints>
                <SequencePoint vc="0" uspid="106" ordinal="0" offset="0" sl="50" sc="9" el="50" ec="10" bec="0" bev="0" fileid="4" />
                <SequencePoint vc="0" uspid="107" ordinal="1" offset="1" sl="51" sc="13" el="51" ec="32" bec="2" bev="0" fileid="4" />
                <SequencePoint vc="0" uspid="108" ordinal="2" offset="9" sl="52" sc="13" el="52" ec="14" bec="0" bev="0" fileid="4" />
                <SequencePoint vc="0" uspid="109" ordinal="3" offset="10" sl="53" sc="17" el="53" ec="87" bec="0" bev="0" fileid="4" />
                <SequencePoint vc="0" uspid="110" ordinal="4" offset="23" sl="54" sc="17" el="54" ec="51" bec="2" bev="0" fileid="4" />
                <SequencePoint vc="0" uspid="111" ordinal="5" offset="39" sl="55" sc="17" el="55" ec="18" bec="0" bev="0" fileid="4" />
                <SequencePoint vc="0" uspid="112" ordinal="6" offset="40" sl="56" sc="21" el="56" ec="59" bec="0" bev="0" fileid="4" />
                <SequencePoint vc="0" uspid="113" ordinal="7" offset="58" sl="57" sc="21" el="57" ec="84" bec="0" bev="0" fileid="4" />
                <SequencePoint vc="0" uspid="114" ordinal="8" offset="71" sl="58" sc="17" el="58" ec="18" bec="0" bev="0" fileid="4" />
                <SequencePoint vc="0" uspid="115" ordinal="9" offset="72" sl="60" sc="17" el="60" ec="51" bec="2" bev="0" fileid="4" />
                <SequencePoint vc="0" uspid="116" ordinal="10" offset="88" sl="61" sc="17" el="61" ec="18" bec="0" bev="0" fileid="4" />
                <SequencePoint vc="0" uspid="117" ordinal="11" offset="89" sl="62" sc="21" el="62" ec="55" bec="0" bev="0" fileid="4" />
                <SequencePoint vc="0" uspid="118" ordinal="12" offset="97" sl="63" sc="21" el="63" ec="84" bec="0" bev="0" fileid="4" />
                <SequencePoint vc="0" uspid="119" ordinal="13" offset="110" sl="64" sc="17" el="64" ec="18" bec="0" bev="0" fileid="4" />
                <SequencePoint vc="0" uspid="120" ordinal="14" offset="111" sl="66" sc="17" el="66" ec="51" bec="0" bev="0" fileid="4" />
                <SequencePoint vc="0" uspid="121" ordinal="15" offset="119" sl="67" sc="13" el="67" ec="14" bec="0" bev="0" fileid="4" />
                <SequencePoint vc="0" uspid="122" ordinal="16" offset="120" sl="69" sc="13" el="69" ec="27" bec="0" bev="0" fileid="4" />
                <SequencePoint vc="0" uspid="123" ordinal="17" offset="125" sl="70" sc="9" el="70" ec="10" bec="0" bev="0" fileid="4" />
              </SequencePoints>
              <BranchPoints>
                <BranchPoint vc="0" uspid="124" ordinal="0" offset="7" sl="51" path="0" offsetend="9" fileid="4" />
                <BranchPoint vc="0" uspid="125" ordinal="1" offset="7" sl="51" path="1" offsetend="120" fileid="4" />
                <BranchPoint vc="0" uspid="126" ordinal="2" offset="37" sl="54" path="0" offsetend="39" fileid="4" />
                <BranchPoint vc="0" uspid="127" ordinal="3" offset="37" sl="54" path="1" offsetend="72" fileid="4" />
                <BranchPoint vc="0" uspid="128" ordinal="4" offset="86" sl="60" path="0" offsetend="88" fileid="4" />
                <BranchPoint vc="0" uspid="129" ordinal="5" offset="86" sl="60" path="1" offsetend="111" fileid="4" />
              </BranchPoints>
              <MethodPoint xsi:type="SequencePoint" vc="0" uspid="106" ordinal="0" offset="0" sl="50" sc="9" el="50" ec="10" bec="0" bev="0" fileid="4" />
            </Method>
            <Method visited="false" cyclomaticComplexity="2" nPathComplexity="2" sequenceCoverage="0" branchCoverage="0" crapScore="6" isConstructor="false" isStatic="false" isGetter="false" isSetter="false">
              <Summary numSequencePoints="10" visitedSequencePoints="0" numBranchPoints="3" visitedBranchPoints="0" sequenceCoverage="0" branchCoverage="0" maxCyclomaticComplexity="2" minCyclomaticComplexity="2" maxCrapScore="6" minCrapScore="6" visitedClasses="0" numClasses="0" visitedMethods="0" numMethods="1" />
              <MetadataToken>100663322</MetadataToken>
              <Name>TaxManagement.Dto.Person TaxManagement.Service.TaxServiceImpl::UpdateAnnualTaxPercentage(TaxManagement.Dto.Person)</Name>
              <FileRef uid="4" />
              <SequencePoints>
                <SequencePoint vc="0" uspid="130" ordinal="0" offset="0" sl="74" sc="9" el="74" ec="10" bec="0" bev="0" fileid="4" />
                <SequencePoint vc="0" uspid="131" ordinal="1" offset="1" sl="75" sc="13" el="75" ec="32" bec="2" bev="0" fileid="4" />
                <SequencePoint vc="0" uspid="132" ordinal="2" offset="9" sl="76" sc="13" el="76" ec="14" bec="0" bev="0" fileid="4" />
                <SequencePoint vc="0" uspid="133" ordinal="3" offset="10" sl="77" sc="17" el="77" ec="84" bec="0" bev="0" fileid="4" />
                <SequencePoint vc="0" uspid="134" ordinal="4" offset="23" sl="78" sc="17" el="78" ec="48" bec="0" bev="0" fileid="4" />
                <SequencePoint vc="0" uspid="135" ordinal="5" offset="31" sl="80" sc="17" el="80" ec="104" bec="0" bev="0" fileid="4" />
                <SequencePoint vc="0" uspid="136" ordinal="6" offset="44" sl="81" sc="17" el="81" ec="68" bec="0" bev="0" fileid="4" />
                <SequencePoint vc="0" uspid="137" ordinal="7" offset="52" sl="82" sc="13" el="82" ec="14" bec="0" bev="0" fileid="4" />
                <SequencePoint vc="0" uspid="138" ordinal="8" offset="53" sl="84" sc="13" el="84" ec="27" bec="0" bev="0" fileid="4" />
                <SequencePoint vc="0" uspid="139" ordinal="9" offset="57" sl="85" sc="9" el="85" ec="10" bec="0" bev="0" fileid="4" />
              </SequencePoints>
              <BranchPoints>
                <BranchPoint vc="0" uspid="140" ordinal="0" offset="7" sl="75" path="0" offsetend="9" fileid="4" />
                <BranchPoint vc="0" uspid="141" ordinal="1" offset="7" sl="75" path="1" offsetend="53" fileid="4" />
              </BranchPoints>
              <MethodPoint xsi:type="SequencePoint" vc="0" uspid="130" ordinal="0" offset="0" sl="74" sc="9" el="74" ec="10" bec="0" bev="0" fileid="4" />
            </Method>
            <Method visited="false" cyclomaticComplexity="2" nPathComplexity="2" sequenceCoverage="0" branchCoverage="0" crapScore="6" isConstructor="false" isStatic="false" isGetter="false" isSetter="false">
              <Summary numSequencePoints="8" visitedSequencePoints="0" numBranchPoints="3" visitedBranchPoints="0" sequenceCoverage="0" branchCoverage="0" maxCyclomaticComplexity="2" minCyclomaticComplexity="2" maxCrapScore="6" minCrapScore="6" visitedClasses="0" numClasses="0" visitedMethods="0" numMethods="1" />
              <MetadataToken>100663323</MetadataToken>
              <Name>TaxManagement.Dto.Person TaxManagement.Service.TaxServiceImpl::UpdateInterestAvenue(TaxManagement.Dto.Person)</Name>
              <FileRef uid="4" />
              <SequencePoints>
                <SequencePoint vc="0" uspid="142" ordinal="0" offset="0" sl="89" sc="9" el="89" ec="10" bec="0" bev="0" fileid="4" />
                <SequencePoint vc="0" uspid="143" ordinal="1" offset="1" sl="90" sc="13" el="90" ec="32" bec="2" bev="0" fileid="4" />
                <SequencePoint vc="0" uspid="144" ordinal="2" offset="9" sl="91" sc="13" el="91" ec="14" bec="0" bev="0" fileid="4" />
                <SequencePoint vc="0" uspid="145" ordinal="3" offset="10" sl="92" sc="17" el="92" ec="88" bec="0" bev="0" fileid="4" />
                <SequencePoint vc="0" uspid="146" ordinal="4" offset="23" sl="93" sc="17" el="93" ec="58" bec="0" bev="0" fileid="4" />
                <SequencePoint vc="0" uspid="147" ordinal="5" offset="31" sl="94" sc="13" el="94" ec="14" bec="0" bev="0" fileid="4" />
                <SequencePoint vc="0" uspid="148" ordinal="6" offset="32" sl="96" sc="13" el="96" ec="27" bec="0" bev="0" fileid="4" />
                <SequencePoint vc="0" uspid="149" ordinal="7" offset="36" sl="97" sc="9" el="97" ec="10" bec="0" bev="0" fileid="4" />
              </SequencePoints>
              <BranchPoints>
                <BranchPoint vc="0" uspid="150" ordinal="0" offset="7" sl="90" path="0" offsetend="9" fileid="4" />
                <BranchPoint vc="0" uspid="151" ordinal="1" offset="7" sl="90" path="1" offsetend="32" fileid="4" />
              </BranchPoints>
              <MethodPoint xsi:type="SequencePoint" vc="0" uspid="142" ordinal="0" offset="0" sl="89" sc="9" el="89" ec="10" bec="0" bev="0" fileid="4" />
            </Method>
            <Method visited="false" cyclomaticComplexity="1" nPathComplexity="0" sequenceCoverage="0" branchCoverage="0" crapScore="2" isConstructor="false" isStatic="false" isGetter="false" isSetter="false">
              <Summary numSequencePoints="7" visitedSequencePoints="0" numBranchPoints="1" visitedBranchPoints="0" sequenceCoverage="0" branchCoverage="0" maxCyclomaticComplexity="1" minCyclomaticComplexity="1" maxCrapScore="2" minCrapScore="2" visitedClasses="0" numClasses="0" visitedMethods="0" numMethods="1" />
              <MetadataToken>100663324</MetadataToken>
              <Name>TaxManagement.Dto.Person TaxManagement.Service.TaxServiceImpl::UpdateDefaultUserInformation(System.String,System.String,System.DateTime,System.Double)</Name>
              <FileRef uid="4" />
              <SequencePoints>
                <SequencePoint vc="0" uspid="152" ordinal="0" offset="0" sl="102" sc="9" el="102" ec="10" bec="0" bev="0" fileid="4" />
                <SequencePoint vc="0" uspid="153" ordinal="1" offset="1" sl="104" sc="13" el="104" ec="51" bec="0" bev="0" fileid="4" />
                <SequencePoint vc="0" uspid="154" ordinal="2" offset="14" sl="105" sc="13" el="105" ec="49" bec="0" bev="0" fileid="4" />
                <SequencePoint vc="0" uspid="155" ordinal="3" offset="27" sl="106" sc="13" el="106" ec="55" bec="0" bev="0" fileid="4" />
                <SequencePoint vc="0" uspid="156" ordinal="4" offset="40" sl="107" sc="13" el="107" ec="59" bec="0" bev="0" fileid="4" />
                <SequencePoint vc="0" uspid="157" ordinal="5" offset="54" sl="109" sc="13" el="109" ec="34" bec="0" bev="0" fileid="4" />
                <SequencePoint vc="0" uspid="158" ordinal="6" offset="63" sl="110" sc="9" el="110" ec="10" bec="0" bev="0" fileid="4" />
              </SequencePoints>
              <BranchPoints />
              <MethodPoint xsi:type="SequencePoint" vc="0" uspid="152" ordinal="0" offset="0" sl="102" sc="9" el="102" ec="10" bec="0" bev="0" fileid="4" />
            </Method>
            <Method visited="false" cyclomaticComplexity="2" nPathComplexity="2" sequenceCoverage="0" branchCoverage="0" crapScore="6" isConstructor="false" isStatic="false" isGetter="false" isSetter="false">
              <Summary numSequencePoints="10" visitedSequencePoints="0" numBranchPoints="3" visitedBranchPoints="0" sequenceCoverage="0" branchCoverage="0" maxCyclomaticComplexity="2" minCyclomaticComplexity="2" maxCrapScore="6" minCrapScore="6" visitedClasses="0" numClasses="0" visitedMethods="0" numMethods="1" />
              <MetadataToken>100663325</MetadataToken>
              <Name>TaxManagement.Dto.Person TaxManagement.Service.TaxServiceImpl::UpdateAnnualIncome(TaxManagement.Dto.Person)</Name>
              <FileRef uid="4" />
              <SequencePoints>
                <SequencePoint vc="0" uspid="159" ordinal="0" offset="0" sl="114" sc="9" el="114" ec="10" bec="0" bev="0" fileid="4" />
                <SequencePoint vc="0" uspid="160" ordinal="1" offset="1" sl="115" sc="13" el="115" ec="32" bec="2" bev="0" fileid="4" />
                <SequencePoint vc="0" uspid="161" ordinal="2" offset="9" sl="116" sc="13" el="116" ec="14" bec="0" bev="0" fileid="4" />
                <SequencePoint vc="0" uspid="162" ordinal="3" offset="10" sl="118" sc="17" el="118" ec="88" bec="0" bev="0" fileid="4" />
                <SequencePoint vc="0" uspid="163" ordinal="4" offset="23" sl="121" sc="17" el="121" ec="84" bec="0" bev="0" fileid="4" />
                <SequencePoint vc="0" uspid="164" ordinal="5" offset="36" sl="123" sc="17" el="123" ec="99" bec="0" bev="0" fileid="4" />
                <SequencePoint vc="0" uspid="165" ordinal="6" offset="57" sl="125" sc="17" el="125" ec="54" bec="0" bev="0" fileid="4" />
                <SequencePoint vc="0" uspid="166" ordinal="7" offset="65" sl="126" sc="13" el="126" ec="14" bec="0" bev="0" fileid="4" />
                <SequencePoint vc="0" uspid="167" ordinal="8" offset="66" sl="128" sc="13" el="128" ec="27" bec="0" bev="0" fileid="4" />
                <SequencePoint vc="0" uspid="168" ordinal="9" offset="71" sl="129" sc="9" el="129" ec="10" bec="0" bev="0" fileid="4" />
              </SequencePoints>
              <BranchPoints>
                <BranchPoint vc="0" uspid="169" ordinal="0" offset="7" sl="115" path="0" offsetend="9" fileid="4" />
                <BranchPoint vc="0" uspid="170" ordinal="1" offset="7" sl="115" path="1" offsetend="66" fileid="4" />
              </BranchPoints>
              <MethodPoint xsi:type="SequencePoint" vc="0" uspid="159" ordinal="0" offset="0" sl="114" sc="9" el="114" ec="10" bec="0" bev="0" fileid="4" />
            </Method>
          </Methods>
        </Class>
        <Class>
          <Summary numSequencePoints="93" visitedSequencePoints="14" numBranchPoints="27" visitedBranchPoints="3" sequenceCoverage="15.05" branchCoverage="11.11" maxCyclomaticComplexity="1" minCyclomaticComplexity="1" maxCrapScore="2" minCrapScore="1" visitedClasses="1" numClasses="1" visitedMethods="3" numMethods="27" />
          <FullName>TaxManagement.Dto.Person</FullName>
          <Methods>
            <Method visited="false" cyclomaticComplexity="1" nPathComplexity="0" sequenceCoverage="0" branchCoverage="0" crapScore="2" isConstructor="true" isStatic="false" isGetter="false" isSetter="false">
              <Summary numSequencePoints="4" visitedSequencePoints="0" numBranchPoints="1" visitedBranchPoints="0" sequenceCoverage="0" branchCoverage="0" maxCyclomaticComplexity="1" minCyclomaticComplexity="1" maxCrapScore="2" minCrapScore="2" visitedClasses="0" numClasses="0" visitedMethods="0" numMethods="1" />
              <MetadataToken>100663330</MetadataToken>
              <Name>System.Void TaxManagement.Dto.Person::.ctor(System.Int32)</Name>
              <FileRef uid="5" />
              <SequencePoints>
                <SequencePoint vc="0" uspid="171" ordinal="0" offset="0" sl="30" sc="9" el="30" ec="30" bec="0" bev="0" fileid="5" />
                <SequencePoint vc="0" uspid="172" ordinal="1" offset="7" sl="31" sc="9" el="31" ec="10" bec="0" bev="0" fileid="5" />
                <SequencePoint vc="0" uspid="173" ordinal="2" offset="8" sl="32" sc="13" el="32" ec="27" bec="0" bev="0" fileid="5" />
                <SequencePoint vc="0" uspid="174" ordinal="3" offset="15" sl="33" sc="9" el="33" ec="10" bec="0" bev="0" fileid="5" />
              </SequencePoints>
              <BranchPoints />
              <MethodPoint xsi:type="SequencePoint" vc="0" uspid="171" ordinal="0" offset="0" sl="30" sc="9" el="30" ec="30" bec="0" bev="0" fileid="5" />
            </Method>
            <Method visited="true" cyclomaticComplexity="1" nPathComplexity="0" sequenceCoverage="100" branchCoverage="100" crapScore="1" isConstructor="true" isStatic="false" isGetter="false" isSetter="false">
              <Summary numSequencePoints="8" visitedSequencePoints="8" numBranchPoints="1" visitedBranchPoints="1" sequenceCoverage="100" branchCoverage="100" maxCyclomaticComplexity="1" minCyclomaticComplexity="1" maxCrapScore="1" minCrapScore="1" visitedClasses="0" numClasses="0" visitedMethods="1" numMethods="1" />
              <MetadataToken>100663331</MetadataToken>
              <Name>System.Void TaxManagement.Dto.Person::.ctor(System.Int32,System.String,System.String,System.DateTime,System.Double)</Name>
              <FileRef uid="5" />
              <SequencePoints>
                <SequencePoint vc="1" uspid="175" ordinal="0" offset="0" sl="44" sc="9" el="45" ec="38" bec="0" bev="0" fileid="5">
                  <TrackedMethodRefs>
                    <TrackedMethodRef uid="1" vc="1" />
                  </TrackedMethodRefs>
                </SequencePoint>
                <SequencePoint vc="1" uspid="176" ordinal="1" offset="7" sl="46" sc="9" el="46" ec="10" bec="0" bev="0" fileid="5">
                  <TrackedMethodRefs>
                    <TrackedMethodRef uid="1" vc="1" />
                  </TrackedMethodRefs>
                </SequencePoint>
                <SequencePoint vc="1" uspid="177" ordinal="2" offset="8" sl="47" sc="13" el="47" ec="27" bec="0" bev="0" fileid="5">
                  <TrackedMethodRefs>
                    <TrackedMethodRef uid="1" vc="1" />
                  </TrackedMethodRefs>
                </SequencePoint>
                <SequencePoint vc="1" uspid="178" ordinal="3" offset="15" sl="48" sc="13" el="48" ec="41" bec="0" bev="0" fileid="5">
                  <TrackedMethodRefs>
                    <TrackedMethodRef uid="1" vc="1" />
                  </TrackedMethodRefs>
                </SequencePoint>
                <SequencePoint vc="1" uspid="179" ordinal="4" offset="22" sl="49" sc="13" el="49" ec="39" bec="0" bev="0" fileid="5">
                  <TrackedMethodRefs>
                    <TrackedMethodRef uid="1" vc="1" />
                  </TrackedMethodRefs>
                </SequencePoint>
                <SequencePoint vc="1" uspid="180" ordinal="5" offset="29" sl="50" sc="13" el="50" ec="45" bec="0" bev="0" fileid="5">
                  <TrackedMethodRefs>
                    <TrackedMethodRef uid="1" vc="1" />
                  </TrackedMethodRefs>
                </SequencePoint>
                <SequencePoint vc="1" uspid="181" ordinal="6" offset="37" sl="51" sc="13" el="51" ec="49" bec="0" bev="0" fileid="5">
                  <TrackedMethodRefs>
                    <TrackedMethodRef uid="1" vc="1" />
                  </TrackedMethodRefs>
                </SequencePoint>
                <SequencePoint vc="1" uspid="182" ordinal="7" offset="45" sl="52" sc="9" el="52" ec="10" bec="0" bev="0" fileid="5">
                  <TrackedMethodRefs>
                    <TrackedMethodRef uid="1" vc="1" />
                  </TrackedMethodRefs>
                </SequencePoint>
              </SequencePoints>
              <BranchPoints />
              <MethodPoint xsi:type="SequencePoint" vc="1" uspid="175" ordinal="0" offset="0" sl="44" sc="9" el="45" ec="38" bec="0" bev="0" fileid="5">
                <TrackedMethodRefs>
                  <TrackedMethodRef uid="1" vc="1" />
                </TrackedMethodRefs>
              </MethodPoint>
            </Method>
            <Method visited="false" cyclomaticComplexity="1" nPathComplexity="0" sequenceCoverage="0" branchCoverage="0" crapScore="2" isConstructor="true" isStatic="false" isGetter="false" isSetter="false">
              <Summary numSequencePoints="9" visitedSequencePoints="0" numBranchPoints="1" visitedBranchPoints="0" sequenceCoverage="0" branchCoverage="0" maxCyclomaticComplexity="1" minCyclomaticComplexity="1" maxCrapScore="2" minCrapScore="2" visitedClasses="0" numClasses="0" visitedMethods="0" numMethods="1" />
              <MetadataToken>100663332</MetadataToken>
              <Name>System.Void TaxManagement.Dto.Person::.ctor(System.Int32,System.String,System.String,System.DateTime,System.Double,System.Double)</Name>
              <FileRef uid="5" />
              <SequencePoints>
                <SequencePoint vc="0" uspid="183" ordinal="0" offset="0" sl="63" sc="9" el="64" ec="60" bec="0" bev="0" fileid="5" />
                <SequencePoint vc="0" uspid="184" ordinal="1" offset="7" sl="65" sc="9" el="65" ec="10" bec="0" bev="0" fileid="5" />
                <SequencePoint vc="0" uspid="185" ordinal="2" offset="8" sl="66" sc="13" el="66" ec="27" bec="0" bev="0" fileid="5" />
                <SequencePoint vc="0" uspid="186" ordinal="3" offset="15" sl="67" sc="13" el="67" ec="41" bec="0" bev="0" fileid="5" />
                <SequencePoint vc="0" uspid="187" ordinal="4" offset="22" sl="68" sc="13" el="68" ec="39" bec="0" bev="0" fileid="5" />
                <SequencePoint vc="0" uspid="188" ordinal="5" offset="29" sl="69" sc="13" el="69" ec="45" bec="0" bev="0" fileid="5" />
                <SequencePoint vc="0" uspid="189" ordinal="6" offset="37" sl="70" sc="13" el="70" ec="49" bec="0" bev="0" fileid="5" />
                <SequencePoint vc="0" uspid="190" ordinal="7" offset="45" sl="71" sc="13" el="71" ec="49" bec="0" bev="0" fileid="5" />
                <SequencePoint vc="0" uspid="191" ordinal="8" offset="53" sl="72" sc="9" el="72" ec="10" bec="0" bev="0" fileid="5" />
              </SequencePoints>
              <BranchPoints />
              <MethodPoint xsi:type="SequencePoint" vc="0" uspid="183" ordinal="0" offset="0" sl="63" sc="9" el="64" ec="60" bec="0" bev="0" fileid="5" />
            </Method>
            <Method visited="false" cyclomaticComplexity="1" nPathComplexity="0" sequenceCoverage="0" branchCoverage="0" crapScore="2" isConstructor="false" isStatic="false" isGetter="false" isSetter="false">
              <Summary numSequencePoints="3" visitedSequencePoints="0" numBranchPoints="1" visitedBranchPoints="0" sequenceCoverage="0" branchCoverage="0" maxCyclomaticComplexity="1" minCyclomaticComplexity="1" maxCrapScore="2" minCrapScore="2" visitedClasses="0" numClasses="0" visitedMethods="0" numMethods="1" />
              <MetadataToken>100663333</MetadataToken>
              <Name>System.String TaxManagement.Dto.Person::GetFirstName()</Name>
              <FileRef uid="5" />
              <SequencePoints>
                <SequencePoint vc="0" uspid="192" ordinal="0" offset="0" sl="75" sc="9" el="75" ec="10" bec="0" bev="0" fileid="5" />
                <SequencePoint vc="0" uspid="193" ordinal="1" offset="1" sl="76" sc="13" el="76" ec="31" bec="0" bev="0" fileid="5" />
                <SequencePoint vc="0" uspid="194" ordinal="2" offset="10" sl="77" sc="9" el="77" ec="10" bec="0" bev="0" fileid="5" />
              </SequencePoints>
              <BranchPoints />
              <MethodPoint xsi:type="SequencePoint" vc="0" uspid="192" ordinal="0" offset="0" sl="75" sc="9" el="75" ec="10" bec="0" bev="0" fileid="5" />
            </Method>
            <Method visited="false" cyclomaticComplexity="1" nPathComplexity="0" sequenceCoverage="0" branchCoverage="0" crapScore="2" isConstructor="false" isStatic="false" isGetter="false" isSetter="false">
              <Summary numSequencePoints="3" visitedSequencePoints="0" numBranchPoints="1" visitedBranchPoints="0" sequenceCoverage="0" branchCoverage="0" maxCyclomaticComplexity="1" minCyclomaticComplexity="1" maxCrapScore="2" minCrapScore="2" visitedClasses="0" numClasses="0" visitedMethods="0" numMethods="1" />
              <MetadataToken>100663334</MetadataToken>
              <Name>System.Void TaxManagement.Dto.Person::SetFirstName(System.String)</Name>
              <FileRef uid="5" />
              <SequencePoints>
                <SequencePoint vc="0" uspid="195" ordinal="0" offset="0" sl="79" sc="9" el="79" ec="10" bec="0" bev="0" fileid="5" />
                <SequencePoint vc="0" uspid="196" ordinal="1" offset="1" sl="80" sc="13" el="80" ec="41" bec="0" bev="0" fileid="5" />
                <SequencePoint vc="0" uspid="197" ordinal="2" offset="8" sl="81" sc="9" el="81" ec="10" bec="0" bev="0" fileid="5" />
              </SequencePoints>
              <BranchPoints />
              <MethodPoint xsi:type="SequencePoint" vc="0" uspid="195" ordinal="0" offset="0" sl="79" sc="9" el="79" ec="10" bec="0" bev="0" fileid="5" />
            </Method>
            <Method visited="false" cyclomaticComplexity="1" nPathComplexity="0" sequenceCoverage="0" branchCoverage="0" crapScore="2" isConstructor="false" isStatic="false" isGetter="false" isSetter="false">
              <Summary numSequencePoints="3" visitedSequencePoints="0" numBranchPoints="1" visitedBranchPoints="0" sequenceCoverage="0" branchCoverage="0" maxCyclomaticComplexity="1" minCyclomaticComplexity="1" maxCrapScore="2" minCrapScore="2" visitedClasses="0" numClasses="0" visitedMethods="0" numMethods="1" />
              <MetadataToken>100663335</MetadataToken>
              <Name>System.String TaxManagement.Dto.Person::GetLastName()</Name>
              <FileRef uid="5" />
              <SequencePoints>
                <SequencePoint vc="0" uspid="198" ordinal="0" offset="0" sl="83" sc="9" el="83" ec="10" bec="0" bev="0" fileid="5" />
                <SequencePoint vc="0" uspid="199" ordinal="1" offset="1" sl="84" sc="13" el="84" ec="30" bec="0" bev="0" fileid="5" />
                <SequencePoint vc="0" uspid="200" ordinal="2" offset="10" sl="85" sc="9" el="85" ec="10" bec="0" bev="0" fileid="5" />
              </SequencePoints>
              <BranchPoints />
              <MethodPoint xsi:type="SequencePoint" vc="0" uspid="198" ordinal="0" offset="0" sl="83" sc="9" el="83" ec="10" bec="0" bev="0" fileid="5" />
            </Method>
            <Method visited="false" cyclomaticComplexity="1" nPathComplexity="0" sequenceCoverage="0" branchCoverage="0" crapScore="2" isConstructor="false" isStatic="false" isGetter="false" isSetter="false">
              <Summary numSequencePoints="3" visitedSequencePoints="0" numBranchPoints="1" visitedBranchPoints="0" sequenceCoverage="0" branchCoverage="0" maxCyclomaticComplexity="1" minCyclomaticComplexity="1" maxCrapScore="2" minCrapScore="2" visitedClasses="0" numClasses="0" visitedMethods="0" numMethods="1" />
              <MetadataToken>100663336</MetadataToken>
              <Name>System.Void TaxManagement.Dto.Person::SetLastName(System.String)</Name>
              <FileRef uid="5" />
              <SequencePoints>
                <SequencePoint vc="0" uspid="201" ordinal="0" offset="0" sl="87" sc="9" el="87" ec="10" bec="0" bev="0" fileid="5" />
                <SequencePoint vc="0" uspid="202" ordinal="1" offset="1" sl="88" sc="13" el="88" ec="39" bec="0" bev="0" fileid="5" />
                <SequencePoint vc="0" uspid="203" ordinal="2" offset="8" sl="89" sc="9" el="89" ec="10" bec="0" bev="0" fileid="5" />
              </SequencePoints>
              <BranchPoints />
              <MethodPoint xsi:type="SequencePoint" vc="0" uspid="201" ordinal="0" offset="0" sl="87" sc="9" el="87" ec="10" bec="0" bev="0" fileid="5" />
            </Method>
            <Method visited="false" cyclomaticComplexity="1" nPathComplexity="0" sequenceCoverage="0" branchCoverage="0" crapScore="2" isConstructor="false" isStatic="false" isGetter="false" isSetter="false">
              <Summary numSequencePoints="3" visitedSequencePoints="0" numBranchPoints="1" visitedBranchPoints="0" sequenceCoverage="0" branchCoverage="0" maxCyclomaticComplexity="1" minCyclomaticComplexity="1" maxCrapScore="2" minCrapScore="2" visitedClasses="0" numClasses="0" visitedMethods="0" numMethods="1" />
              <MetadataToken>100663337</MetadataToken>
              <Name>System.DateTime TaxManagement.Dto.Person::GetDateOfBirth()</Name>
              <FileRef uid="5" />
              <SequencePoints>
                <SequencePoint vc="0" uspid="204" ordinal="0" offset="0" sl="91" sc="9" el="91" ec="10" bec="0" bev="0" fileid="5" />
                <SequencePoint vc="0" uspid="205" ordinal="1" offset="1" sl="92" sc="13" el="92" ec="33" bec="0" bev="0" fileid="5" />
                <SequencePoint vc="0" uspid="206" ordinal="2" offset="10" sl="93" sc="9" el="93" ec="10" bec="0" bev="0" fileid="5" />
              </SequencePoints>
              <BranchPoints />
              <MethodPoint xsi:type="SequencePoint" vc="0" uspid="204" ordinal="0" offset="0" sl="91" sc="9" el="91" ec="10" bec="0" bev="0" fileid="5" />
            </Method>
            <Method visited="false" cyclomaticComplexity="1" nPathComplexity="0" sequenceCoverage="0" branchCoverage="0" crapScore="2" isConstructor="false" isStatic="false" isGetter="false" isSetter="false">
              <Summary numSequencePoints="3" visitedSequencePoints="0" numBranchPoints="1" visitedBranchPoints="0" sequenceCoverage="0" branchCoverage="0" maxCyclomaticComplexity="1" minCyclomaticComplexity="1" maxCrapScore="2" minCrapScore="2" visitedClasses="0" numClasses="0" visitedMethods="0" numMethods="1" />
              <MetadataToken>100663338</MetadataToken>
              <Name>System.Void TaxManagement.Dto.Person::SetDateOfBirth(System.DateTime)</Name>
              <FileRef uid="5" />
              <SequencePoints>
                <SequencePoint vc="0" uspid="207" ordinal="0" offset="0" sl="95" sc="9" el="95" ec="10" bec="0" bev="0" fileid="5" />
                <SequencePoint vc="0" uspid="208" ordinal="1" offset="1" sl="96" sc="13" el="96" ec="45" bec="0" bev="0" fileid="5" />
                <SequencePoint vc="0" uspid="209" ordinal="2" offset="8" sl="97" sc="9" el="97" ec="10" bec="0" bev="0" fileid="5" />
              </SequencePoints>
              <BranchPoints />
              <MethodPoint xsi:type="SequencePoint" vc="0" uspid="207" ordinal="0" offset="0" sl="95" sc="9" el="95" ec="10" bec="0" bev="0" fileid="5" />
            </Method>
            <Method visited="false" cyclomaticComplexity="1" nPathComplexity="0" sequenceCoverage="0" branchCoverage="0" crapScore="2" isConstructor="false" isStatic="false" isGetter="false" isSetter="false">
              <Summary numSequencePoints="3" visitedSequencePoints="0" numBranchPoints="1" visitedBranchPoints="0" sequenceCoverage="0" branchCoverage="0" maxCyclomaticComplexity="1" minCyclomaticComplexity="1" maxCrapScore="2" minCrapScore="2" visitedClasses="0" numClasses="0" visitedMethods="0" numMethods="1" />
              <MetadataToken>100663339</MetadataToken>
              <Name>System.Double TaxManagement.Dto.Person::GetMonthlySalary()</Name>
              <FileRef uid="5" />
              <SequencePoints>
                <SequencePoint vc="0" uspid="210" ordinal="0" offset="0" sl="99" sc="9" el="99" ec="10" bec="0" bev="0" fileid="5" />
                <SequencePoint vc="0" uspid="211" ordinal="1" offset="1" sl="100" sc="13" el="100" ec="35" bec="0" bev="0" fileid="5" />
                <SequencePoint vc="0" uspid="212" ordinal="2" offset="10" sl="101" sc="9" el="101" ec="10" bec="0" bev="0" fileid="5" />
              </SequencePoints>
              <BranchPoints />
              <MethodPoint xsi:type="SequencePoint" vc="0" uspid="210" ordinal="0" offset="0" sl="99" sc="9" el="99" ec="10" bec="0" bev="0" fileid="5" />
            </Method>
            <Method visited="false" cyclomaticComplexity="1" nPathComplexity="0" sequenceCoverage="0" branchCoverage="0" crapScore="2" isConstructor="false" isStatic="false" isGetter="false" isSetter="false">
              <Summary numSequencePoints="3" visitedSequencePoints="0" numBranchPoints="1" visitedBranchPoints="0" sequenceCoverage="0" branchCoverage="0" maxCyclomaticComplexity="1" minCyclomaticComplexity="1" maxCrapScore="2" minCrapScore="2" visitedClasses="0" numClasses="0" visitedMethods="0" numMethods="1" />
              <MetadataToken>100663340</MetadataToken>
              <Name>System.Void TaxManagement.Dto.Person::SetMonthlySalary(System.Double)</Name>
              <FileRef uid="5" />
              <SequencePoints>
                <SequencePoint vc="0" uspid="213" ordinal="0" offset="0" sl="103" sc="9" el="103" ec="10" bec="0" bev="0" fileid="5" />
                <SequencePoint vc="0" uspid="214" ordinal="1" offset="1" sl="104" sc="13" el="104" ec="49" bec="0" bev="0" fileid="5" />
                <SequencePoint vc="0" uspid="215" ordinal="2" offset="8" sl="105" sc="9" el="105" ec="10" bec="0" bev="0" fileid="5" />
              </SequencePoints>
              <BranchPoints />
              <MethodPoint xsi:type="SequencePoint" vc="0" uspid="213" ordinal="0" offset="0" sl="103" sc="9" el="103" ec="10" bec="0" bev="0" fileid="5" />
            </Method>
            <Method visited="false" cyclomaticComplexity="1" nPathComplexity="0" sequenceCoverage="0" branchCoverage="0" crapScore="2" isConstructor="false" isStatic="false" isGetter="false" isSetter="false">
              <Summary numSequencePoints="3" visitedSequencePoints="0" numBranchPoints="1" visitedBranchPoints="0" sequenceCoverage="0" branchCoverage="0" maxCyclomaticComplexity="1" minCyclomaticComplexity="1" maxCrapScore="2" minCrapScore="2" visitedClasses="0" numClasses="0" visitedMethods="0" numMethods="1" />
              <MetadataToken>100663341</MetadataToken>
              <Name>System.Double TaxManagement.Dto.Person::GetAnnualTax()</Name>
              <FileRef uid="5" />
              <SequencePoints>
                <SequencePoint vc="0" uspid="216" ordinal="0" offset="0" sl="108" sc="9" el="108" ec="10" bec="0" bev="0" fileid="5" />
                <SequencePoint vc="0" uspid="217" ordinal="1" offset="1" sl="109" sc="13" el="109" ec="31" bec="0" bev="0" fileid="5" />
                <SequencePoint vc="0" uspid="218" ordinal="2" offset="10" sl="110" sc="9" el="110" ec="10" bec="0" bev="0" fileid="5" />
              </SequencePoints>
              <BranchPoints />
              <MethodPoint xsi:type="SequencePoint" vc="0" uspid="216" ordinal="0" offset="0" sl="108" sc="9" el="108" ec="10" bec="0" bev="0" fileid="5" />
            </Method>
            <Method visited="false" cyclomaticComplexity="1" nPathComplexity="0" sequenceCoverage="0" branchCoverage="0" crapScore="2" isConstructor="false" isStatic="false" isGetter="false" isSetter="false">
              <Summary numSequencePoints="3" visitedSequencePoints="0" numBranchPoints="1" visitedBranchPoints="0" sequenceCoverage="0" branchCoverage="0" maxCyclomaticComplexity="1" minCyclomaticComplexity="1" maxCrapScore="2" minCrapScore="2" visitedClasses="0" numClasses="0" visitedMethods="0" numMethods="1" />
              <MetadataToken>100663342</MetadataToken>
              <Name>System.Void TaxManagement.Dto.Person::SetAnnualTax(System.Double)</Name>
              <FileRef uid="5" />
              <SequencePoints>
                <SequencePoint vc="0" uspid="219" ordinal="0" offset="0" sl="113" sc="9" el="113" ec="10" bec="0" bev="0" fileid="5" />
                <SequencePoint vc="0" uspid="220" ordinal="1" offset="1" sl="114" sc="13" el="114" ec="41" bec="0" bev="0" fileid="5" />
                <SequencePoint vc="0" uspid="221" ordinal="2" offset="8" sl="115" sc="9" el="115" ec="10" bec="0" bev="0" fileid="5" />
              </SequencePoints>
              <BranchPoints />
              <MethodPoint xsi:type="SequencePoint" vc="0" uspid="219" ordinal="0" offset="0" sl="113" sc="9" el="113" ec="10" bec="0" bev="0" fileid="5" />
            </Method>
            <Method visited="false" cyclomaticComplexity="1" nPathComplexity="0" sequenceCoverage="0" branchCoverage="0" crapScore="2" isConstructor="false" isStatic="false" isGetter="false" isSetter="false">
              <Summary numSequencePoints="3" visitedSequencePoints="0" numBranchPoints="1" visitedBranchPoints="0" sequenceCoverage="0" branchCoverage="0" maxCyclomaticComplexity="1" minCyclomaticComplexity="1" maxCrapScore="2" minCrapScore="2" visitedClasses="0" numClasses="0" visitedMethods="0" numMethods="1" />
              <MetadataToken>100663343</MetadataToken>
              <Name>System.Double TaxManagement.Dto.Person::GetInheritTax()</Name>
              <FileRef uid="5" />
              <SequencePoints>
                <SequencePoint vc="0" uspid="222" ordinal="0" offset="0" sl="118" sc="9" el="118" ec="10" bec="0" bev="0" fileid="5" />
                <SequencePoint vc="0" uspid="223" ordinal="1" offset="1" sl="119" sc="13" el="119" ec="32" bec="0" bev="0" fileid="5" />
                <SequencePoint vc="0" uspid="224" ordinal="2" offset="10" sl="120" sc="9" el="120" ec="10" bec="0" bev="0" fileid="5" />
              </SequencePoints>
              <BranchPoints />
              <MethodPoint xsi:type="SequencePoint" vc="0" uspid="222" ordinal="0" offset="0" sl="118" sc="9" el="118" ec="10" bec="0" bev="0" fileid="5" />
            </Method>
            <Method visited="false" cyclomaticComplexity="1" nPathComplexity="0" sequenceCoverage="0" branchCoverage="0" crapScore="2" isConstructor="false" isStatic="false" isGetter="false" isSetter="false">
              <Summary numSequencePoints="3" visitedSequencePoints="0" numBranchPoints="1" visitedBranchPoints="0" sequenceCoverage="0" branchCoverage="0" maxCyclomaticComplexity="1" minCyclomaticComplexity="1" maxCrapScore="2" minCrapScore="2" visitedClasses="0" numClasses="0" visitedMethods="0" numMethods="1" />
              <MetadataToken>100663344</MetadataToken>
              <Name>System.Void TaxManagement.Dto.Person::SetInheritTax(System.Double)</Name>
              <FileRef uid="5" />
              <SequencePoints>
                <SequencePoint vc="0" uspid="225" ordinal="0" offset="0" sl="123" sc="9" el="123" ec="10" bec="0" bev="0" fileid="5" />
                <SequencePoint vc="0" uspid="226" ordinal="1" offset="1" sl="124" sc="13" el="124" ec="43" bec="0" bev="0" fileid="5" />
                <SequencePoint vc="0" uspid="227" ordinal="2" offset="8" sl="125" sc="9" el="125" ec="10" bec="0" bev="0" fileid="5" />
              </SequencePoints>
              <BranchPoints />
              <MethodPoint xsi:type="SequencePoint" vc="0" uspid="225" ordinal="0" offset="0" sl="123" sc="9" el="123" ec="10" bec="0" bev="0" fileid="5" />
            </Method>
            <Method visited="false" cyclomaticComplexity="1" nPathComplexity="0" sequenceCoverage="0" branchCoverage="0" crapScore="2" isConstructor="false" isStatic="false" isGetter="false" isSetter="false">
              <Summary numSequencePoints="3" visitedSequencePoints="0" numBranchPoints="1" visitedBranchPoints="0" sequenceCoverage="0" branchCoverage="0" maxCyclomaticComplexity="1" minCyclomaticComplexity="1" maxCrapScore="2" minCrapScore="2" visitedClasses="0" numClasses="0" visitedMethods="0" numMethods="1" />
              <MetadataToken>100663345</MetadataToken>
              <Name>System.Double TaxManagement.Dto.Person::GetAnnualTaxPercentage()</Name>
              <FileRef uid="5" />
              <SequencePoints>
                <SequencePoint vc="0" uspid="228" ordinal="0" offset="0" sl="128" sc="9" el="128" ec="10" bec="0" bev="0" fileid="5" />
                <SequencePoint vc="0" uspid="229" ordinal="1" offset="1" sl="129" sc="13" el="129" ec="41" bec="0" bev="0" fileid="5" />
                <SequencePoint vc="0" uspid="230" ordinal="2" offset="10" sl="130" sc="9" el="130" ec="10" bec="0" bev="0" fileid="5" />
              </SequencePoints>
              <BranchPoints />
              <MethodPoint xsi:type="SequencePoint" vc="0" uspid="228" ordinal="0" offset="0" sl="128" sc="9" el="128" ec="10" bec="0" bev="0" fileid="5" />
            </Method>
            <Method visited="false" cyclomaticComplexity="1" nPathComplexity="0" sequenceCoverage="0" branchCoverage="0" crapScore="2" isConstructor="false" isStatic="false" isGetter="false" isSetter="false">
              <Summary numSequencePoints="3" visitedSequencePoints="0" numBranchPoints="1" visitedBranchPoints="0" sequenceCoverage="0" branchCoverage="0" maxCyclomaticComplexity="1" minCyclomaticComplexity="1" maxCrapScore="2" minCrapScore="2" visitedClasses="0" numClasses="0" visitedMethods="0" numMethods="1" />
              <MetadataToken>100663346</MetadataToken>
              <Name>System.Void TaxManagement.Dto.Person::SetAnnualTaxPercentage(System.Double)</Name>
              <FileRef uid="5" />
              <SequencePoints>
                <SequencePoint vc="0" uspid="231" ordinal="0" offset="0" sl="133" sc="9" el="133" ec="10" bec="0" bev="0" fileid="5" />
                <SequencePoint vc="0" uspid="232" ordinal="1" offset="1" sl="134" sc="13" el="134" ec="61" bec="0" bev="0" fileid="5" />
                <SequencePoint vc="0" uspid="233" ordinal="2" offset="8" sl="135" sc="9" el="135" ec="10" bec="0" bev="0" fileid="5" />
              </SequencePoints>
              <BranchPoints />
              <MethodPoint xsi:type="SequencePoint" vc="0" uspid="231" ordinal="0" offset="0" sl="133" sc="9" el="133" ec="10" bec="0" bev="0" fileid="5" />
            </Method>
            <Method visited="true" cyclomaticComplexity="1" nPathComplexity="0" sequenceCoverage="100" branchCoverage="100" crapScore="1" isConstructor="false" isStatic="false" isGetter="false" isSetter="false">
              <Summary numSequencePoints="3" visitedSequencePoints="3" numBranchPoints="1" visitedBranchPoints="1" sequenceCoverage="100" branchCoverage="100" maxCyclomaticComplexity="1" minCyclomaticComplexity="1" maxCrapScore="1" minCrapScore="1" visitedClasses="0" numClasses="0" visitedMethods="1" numMethods="1" />
              <MetadataToken>100663347</MetadataToken>
              <Name>System.Double TaxManagement.Dto.Person::GetSavingAccount()</Name>
              <FileRef uid="5" />
              <SequencePoints>
                <SequencePoint vc="1" uspid="234" ordinal="0" offset="0" sl="138" sc="9" el="138" ec="10" bec="0" bev="0" fileid="5">
                  <TrackedMethodRefs>
                    <TrackedMethodRef uid="1" vc="1" />
                  </TrackedMethodRefs>
                </SequencePoint>
                <SequencePoint vc="1" uspid="235" ordinal="1" offset="1" sl="139" sc="13" el="139" ec="35" bec="0" bev="0" fileid="5">
                  <TrackedMethodRefs>
                    <TrackedMethodRef uid="1" vc="1" />
                  </TrackedMethodRefs>
                </SequencePoint>
                <SequencePoint vc="1" uspid="236" ordinal="2" offset="10" sl="140" sc="9" el="140" ec="10" bec="0" bev="0" fileid="5">
                  <TrackedMethodRefs>
                    <TrackedMethodRef uid="1" vc="1" />
                  </TrackedMethodRefs>
                </SequencePoint>
              </SequencePoints>
              <BranchPoints />
              <MethodPoint xsi:type="SequencePoint" vc="1" uspid="234" ordinal="0" offset="0" sl="138" sc="9" el="138" ec="10" bec="0" bev="0" fileid="5">
                <TrackedMethodRefs>
                  <TrackedMethodRef uid="1" vc="1" />
                </TrackedMethodRefs>
              </MethodPoint>
            </Method>
            <Method visited="true" cyclomaticComplexity="1" nPathComplexity="0" sequenceCoverage="100" branchCoverage="100" crapScore="1" isConstructor="false" isStatic="false" isGetter="false" isSetter="false">
              <Summary numSequencePoints="3" visitedSequencePoints="3" numBranchPoints="1" visitedBranchPoints="1" sequenceCoverage="100" branchCoverage="100" maxCyclomaticComplexity="1" minCyclomaticComplexity="1" maxCrapScore="1" minCrapScore="1" visitedClasses="0" numClasses="0" visitedMethods="1" numMethods="1" />
              <MetadataToken>100663348</MetadataToken>
              <Name>System.Void TaxManagement.Dto.Person::SetSavingAccount(System.Double)</Name>
              <FileRef uid="5" />
              <SequencePoints>
                <SequencePoint vc="1" uspid="237" ordinal="0" offset="0" sl="143" sc="9" el="143" ec="10" bec="0" bev="0" fileid="5">
                  <TrackedMethodRefs>
                    <TrackedMethodRef uid="1" vc="1" />
                  </TrackedMethodRefs>
                </SequencePoint>
                <SequencePoint vc="1" uspid="238" ordinal="1" offset="1" sl="144" sc="13" el="144" ec="49" bec="0" bev="0" fileid="5">
                  <TrackedMethodRefs>
                    <TrackedMethodRef uid="1" vc="1" />
                  </TrackedMethodRefs>
                </SequencePoint>
                <SequencePoint vc="1" uspid="239" ordinal="2" offset="8" sl="145" sc="9" el="145" ec="10" bec="0" bev="0" fileid="5">
                  <TrackedMethodRefs>
                    <TrackedMethodRef uid="1" vc="1" />
                  </TrackedMethodRefs>
                </SequencePoint>
              </SequencePoints>
              <BranchPoints />
              <MethodPoint xsi:type="SequencePoint" vc="1" uspid="237" ordinal="0" offset="0" sl="143" sc="9" el="143" ec="10" bec="0" bev="0" fileid="5">
                <TrackedMethodRefs>
                  <TrackedMethodRef uid="1" vc="1" />
                </TrackedMethodRefs>
              </MethodPoint>
            </Method>
            <Method visited="false" cyclomaticComplexity="1" nPathComplexity="0" sequenceCoverage="0" branchCoverage="0" crapScore="2" isConstructor="false" isStatic="false" isGetter="false" isSetter="false">
              <Summary numSequencePoints="3" visitedSequencePoints="0" numBranchPoints="1" visitedBranchPoints="0" sequenceCoverage="0" branchCoverage="0" maxCyclomaticComplexity="1" minCyclomaticComplexity="1" maxCrapScore="2" minCrapScore="2" visitedClasses="0" numClasses="0" visitedMethods="0" numMethods="1" />
              <MetadataToken>100663349</MetadataToken>
              <Name>System.Double TaxManagement.Dto.Person::GetInterestAvenue()</Name>
              <FileRef uid="5" />
              <SequencePoints>
                <SequencePoint vc="0" uspid="240" ordinal="0" offset="0" sl="148" sc="9" el="148" ec="10" bec="0" bev="0" fileid="5" />
                <SequencePoint vc="0" uspid="241" ordinal="1" offset="1" sl="149" sc="13" el="149" ec="36" bec="0" bev="0" fileid="5" />
                <SequencePoint vc="0" uspid="242" ordinal="2" offset="10" sl="150" sc="9" el="150" ec="10" bec="0" bev="0" fileid="5" />
              </SequencePoints>
              <BranchPoints />
              <MethodPoint xsi:type="SequencePoint" vc="0" uspid="240" ordinal="0" offset="0" sl="148" sc="9" el="148" ec="10" bec="0" bev="0" fileid="5" />
            </Method>
            <Method visited="false" cyclomaticComplexity="1" nPathComplexity="0" sequenceCoverage="0" branchCoverage="0" crapScore="2" isConstructor="false" isStatic="false" isGetter="false" isSetter="false">
              <Summary numSequencePoints="3" visitedSequencePoints="0" numBranchPoints="1" visitedBranchPoints="0" sequenceCoverage="0" branchCoverage="0" maxCyclomaticComplexity="1" minCyclomaticComplexity="1" maxCrapScore="2" minCrapScore="2" visitedClasses="0" numClasses="0" visitedMethods="0" numMethods="1" />
              <MetadataToken>100663350</MetadataToken>
              <Name>System.Void TaxManagement.Dto.Person::SetInterestAvenue(System.Double)</Name>
              <FileRef uid="5" />
              <SequencePoints>
                <SequencePoint vc="0" uspid="243" ordinal="0" offset="0" sl="153" sc="9" el="153" ec="10" bec="0" bev="0" fileid="5" />
                <SequencePoint vc="0" uspid="244" ordinal="1" offset="1" sl="154" sc="13" el="154" ec="51" bec="0" bev="0" fileid="5" />
                <SequencePoint vc="0" uspid="245" ordinal="2" offset="8" sl="155" sc="9" el="155" ec="10" bec="0" bev="0" fileid="5" />
              </SequencePoints>
              <BranchPoints />
              <MethodPoint xsi:type="SequencePoint" vc="0" uspid="243" ordinal="0" offset="0" sl="153" sc="9" el="153" ec="10" bec="0" bev="0" fileid="5" />
            </Method>
            <Method visited="false" cyclomaticComplexity="1" nPathComplexity="0" sequenceCoverage="0" branchCoverage="0" crapScore="2" isConstructor="false" isStatic="false" isGetter="false" isSetter="false">
              <Summary numSequencePoints="3" visitedSequencePoints="0" numBranchPoints="1" visitedBranchPoints="0" sequenceCoverage="0" branchCoverage="0" maxCyclomaticComplexity="1" minCyclomaticComplexity="1" maxCrapScore="2" minCrapScore="2" visitedClasses="0" numClasses="0" visitedMethods="0" numMethods="1" />
              <MetadataToken>100663351</MetadataToken>
              <Name>System.Int32 TaxManagement.Dto.Person::GetId()</Name>
              <FileRef uid="5" />
              <SequencePoints>
                <SequencePoint vc="0" uspid="246" ordinal="0" offset="0" sl="158" sc="9" el="158" ec="10" bec="0" bev="0" fileid="5" />
                <SequencePoint vc="0" uspid="247" ordinal="1" offset="1" sl="159" sc="13" el="159" ec="24" bec="0" bev="0" fileid="5" />
                <SequencePoint vc="0" uspid="248" ordinal="2" offset="10" sl="160" sc="9" el="160" ec="10" bec="0" bev="0" fileid="5" />
              </SequencePoints>
              <BranchPoints />
              <MethodPoint xsi:type="SequencePoint" vc="0" uspid="246" ordinal="0" offset="0" sl="158" sc="9" el="158" ec="10" bec="0" bev="0" fileid="5" />
            </Method>
            <Method visited="false" cyclomaticComplexity="1" nPathComplexity="0" sequenceCoverage="0" branchCoverage="0" crapScore="2" isConstructor="false" isStatic="false" isGetter="false" isSetter="false">
              <Summary numSequencePoints="3" visitedSequencePoints="0" numBranchPoints="1" visitedBranchPoints="0" sequenceCoverage="0" branchCoverage="0" maxCyclomaticComplexity="1" minCyclomaticComplexity="1" maxCrapScore="2" minCrapScore="2" visitedClasses="0" numClasses="0" visitedMethods="0" numMethods="1" />
              <MetadataToken>100663352</MetadataToken>
              <Name>System.Void TaxManagement.Dto.Person::SetId(System.Int32)</Name>
              <FileRef uid="5" />
              <SequencePoints>
                <SequencePoint vc="0" uspid="249" ordinal="0" offset="0" sl="163" sc="9" el="163" ec="10" bec="0" bev="0" fileid="5" />
                <SequencePoint vc="0" uspid="250" ordinal="1" offset="1" sl="164" sc="13" el="164" ec="27" bec="0" bev="0" fileid="5" />
                <SequencePoint vc="0" uspid="251" ordinal="2" offset="8" sl="165" sc="9" el="165" ec="10" bec="0" bev="0" fileid="5" />
              </SequencePoints>
              <BranchPoints />
              <MethodPoint xsi:type="SequencePoint" vc="0" uspid="249" ordinal="0" offset="0" sl="163" sc="9" el="163" ec="10" bec="0" bev="0" fileid="5" />
            </Method>
            <Method visited="false" cyclomaticComplexity="1" nPathComplexity="0" sequenceCoverage="0" branchCoverage="0" crapScore="2" isConstructor="false" isStatic="false" isGetter="false" isSetter="false">
              <Summary numSequencePoints="3" visitedSequencePoints="0" numBranchPoints="1" visitedBranchPoints="0" sequenceCoverage="0" branchCoverage="0" maxCyclomaticComplexity="1" minCyclomaticComplexity="1" maxCrapScore="2" minCrapScore="2" visitedClasses="0" numClasses="0" visitedMethods="0" numMethods="1" />
              <MetadataToken>100663353</MetadataToken>
              <Name>System.Double TaxManagement.Dto.Person::GetAnnualIncome()</Name>
              <FileRef uid="5" />
              <SequencePoints>
                <SequencePoint vc="0" uspid="252" ordinal="0" offset="0" sl="168" sc="9" el="168" ec="10" bec="0" bev="0" fileid="5" />
                <SequencePoint vc="0" uspid="253" ordinal="1" offset="1" sl="169" sc="13" el="169" ec="34" bec="0" bev="0" fileid="5" />
                <SequencePoint vc="0" uspid="254" ordinal="2" offset="10" sl="170" sc="9" el="170" ec="10" bec="0" bev="0" fileid="5" />
              </SequencePoints>
              <BranchPoints />
              <MethodPoint xsi:type="SequencePoint" vc="0" uspid="252" ordinal="0" offset="0" sl="168" sc="9" el="168" ec="10" bec="0" bev="0" fileid="5" />
            </Method>
            <Method visited="false" cyclomaticComplexity="1" nPathComplexity="0" sequenceCoverage="0" branchCoverage="0" crapScore="2" isConstructor="false" isStatic="false" isGetter="false" isSetter="false">
              <Summary numSequencePoints="3" visitedSequencePoints="0" numBranchPoints="1" visitedBranchPoints="0" sequenceCoverage="0" branchCoverage="0" maxCyclomaticComplexity="1" minCyclomaticComplexity="1" maxCrapScore="2" minCrapScore="2" visitedClasses="0" numClasses="0" visitedMethods="0" numMethods="1" />
              <MetadataToken>100663354</MetadataToken>
              <Name>System.Void TaxManagement.Dto.Person::SetAnnualIncome(System.Double)</Name>
              <FileRef uid="5" />
              <SequencePoints>
                <SequencePoint vc="0" uspid="255" ordinal="0" offset="0" sl="173" sc="9" el="173" ec="10" bec="0" bev="0" fileid="5" />
                <SequencePoint vc="0" uspid="256" ordinal="1" offset="1" sl="174" sc="13" el="174" ec="47" bec="0" bev="0" fileid="5" />
                <SequencePoint vc="0" uspid="257" ordinal="2" offset="8" sl="175" sc="9" el="175" ec="10" bec="0" bev="0" fileid="5" />
              </SequencePoints>
              <BranchPoints />
              <MethodPoint xsi:type="SequencePoint" vc="0" uspid="255" ordinal="0" offset="0" sl="173" sc="9" el="173" ec="10" bec="0" bev="0" fileid="5" />
            </Method>
            <Method visited="false" cyclomaticComplexity="1" nPathComplexity="0" sequenceCoverage="0" branchCoverage="0" crapScore="2" isConstructor="false" isStatic="false" isGetter="false" isSetter="false">
              <Summary numSequencePoints="3" visitedSequencePoints="0" numBranchPoints="1" visitedBranchPoints="0" sequenceCoverage="0" branchCoverage="0" maxCyclomaticComplexity="1" minCyclomaticComplexity="1" maxCrapScore="2" minCrapScore="2" visitedClasses="0" numClasses="0" visitedMethods="0" numMethods="1" />
              <MetadataToken>100663355</MetadataToken>
              <Name>System.Double TaxManagement.Dto.Person::GetTotalTax()</Name>
              <FileRef uid="5" />
              <SequencePoints>
                <SequencePoint vc="0" uspid="258" ordinal="0" offset="0" sl="178" sc="9" el="178" ec="10" bec="0" bev="0" fileid="5" />
                <SequencePoint vc="0" uspid="259" ordinal="1" offset="1" sl="179" sc="13" el="179" ec="30" bec="0" bev="0" fileid="5" />
                <SequencePoint vc="0" uspid="260" ordinal="2" offset="10" sl="180" sc="9" el="180" ec="10" bec="0" bev="0" fileid="5" />
              </SequencePoints>
              <BranchPoints />
              <MethodPoint xsi:type="SequencePoint" vc="0" uspid="258" ordinal="0" offset="0" sl="178" sc="9" el="178" ec="10" bec="0" bev="0" fileid="5" />
            </Method>
            <Method visited="false" cyclomaticComplexity="1" nPathComplexity="0" sequenceCoverage="0" branchCoverage="0" crapScore="2" isConstructor="false" isStatic="false" isGetter="false" isSetter="false">
              <Summary numSequencePoints="3" visitedSequencePoints="0" numBranchPoints="1" visitedBranchPoints="0" sequenceCoverage="0" branchCoverage="0" maxCyclomaticComplexity="1" minCyclomaticComplexity="1" maxCrapScore="2" minCrapScore="2" visitedClasses="0" numClasses="0" visitedMethods="0" numMethods="1" />
              <MetadataToken>100663356</MetadataToken>
              <Name>System.Void TaxManagement.Dto.Person::SetTotalTax(System.Double)</Name>
              <FileRef uid="5" />
              <SequencePoints>
                <SequencePoint vc="0" uspid="261" ordinal="0" offset="0" sl="183" sc="9" el="183" ec="10" bec="0" bev="0" fileid="5" />
                <SequencePoint vc="0" uspid="262" ordinal="1" offset="1" sl="184" sc="13" el="184" ec="39" bec="0" bev="0" fileid="5" />
                <SequencePoint vc="0" uspid="263" ordinal="2" offset="8" sl="185" sc="9" el="185" ec="10" bec="0" bev="0" fileid="5" />
              </SequencePoints>
              <BranchPoints />
              <MethodPoint xsi:type="SequencePoint" vc="0" uspid="261" ordinal="0" offset="0" sl="183" sc="9" el="183" ec="10" bec="0" bev="0" fileid="5" />
            </Method>
          </Methods>
        </Class>
      </Classes>
      <TrackedMethods />
    </Module>
  </Modules>
</CoverageSession>