<?xml version="1.0" encoding="UTF-8"?>
<testsuite xmlns:xsi="http://www.w3.org/2001/XMLSchema-instance" xsi:noNamespaceSchemaLocation="https://maven.apache.org/surefire/maven-surefire-plugin/xsd/surefire-test-report.xsd" name="vn.elca.training.unittesting.service.impl.TaxServiceTest" time="0.222" tests="1" errors="0" skipped="0" failures="0">
  <properties>
[...]
</properties>
  <testcase name="testUpdateAnnualTax" classname="vn.elca.training.unittesting.service.impl.TaxServiceTest" time="0.215"/>
</testsuite>